<?xml version="1.0" encoding="UTF-8"?>
<testsuite xmlns:xsi="http://www.w3.org/2001/XMLSchema-instance" xsi:noNamespaceSchemaLocation="https://maven.apache.org/surefire/maven-surefire-plugin/xsd/surefire-test-report-3.0.xsd" version="3.0" name="com.pahanaedu.models.OrderItemTest" time="0.077" tests="5" errors="0" skipped="0" failures="0">
  <properties>
[...]
</properties>
  <testcase name="constructor_ShouldCalculateLineTotal_ForQuantityOfOne" classname="com.pahanaedu.models.OrderItemTest" time="0.044"/>
  <testcase name="constructor_ShouldCalculateLineTotal_ForZeroPrice" classname="com.pahanaedu.models.OrderItemTest" time="0.001"/>
  <testcase name="constructor_ShouldCalculateLineTotal_ForDecimals" classname="com.pahanaedu.models.OrderItemTest" time="0.002"/>
  <testcase name="constructor_ShouldCalculateLineTotal_ForIntegers" classname="com.pahanaedu.models.OrderItemTest" time="0.001"/>
  <testcase name="constructor_ShouldCalculateLineTotal_ForLargeNumbers" classname="com.pahanaedu.models.OrderItemTest" time="0.001"/>
</testsuite>